Using pre-set license
Built from '2020.3/staging' branch; Version is '2020.3.20f1 (41c4e627c95f) revision 4310246'; Using compiler version '192528614'; Build Type 'Release'
OS: 'Windows 10 Pro; OS build 19044.1466; Version 2009; 64bit' Language: 'pt' Physical Memory: 14279 MB
BatchMode: 1, IsHumanControllingUs: 0, StartBugReporterOnCrash: 0, Is64bit: 1, IsPro: 0

COMMAND LINE ARGUMENTS:
C:\Program Files\Unity\Hub\Editor\2020.3.20f1\Editor\Unity.exe
-adb2
-batchMode
-noUpm
-name
AssetImportWorker2
-projectPath
C:/Repositorios/Lumber
-logFile
Logs/AssetImportWorker2.log
-srvPort
10918
Successfully changed project path to: C:/Repositorios/Lumber
C:/Repositorios/Lumber
Using Asset Import Pipeline V2.
Refreshing native plugins compatible for Editor in 67.69 ms, found 2 plugins.
Preloading 0 native plugins for Editor in 0.00 ms.
Initialize engine version: 2020.3.20f1 (41c4e627c95f)
[Subsystems] Discovering subsystems at path C:/Program Files/Unity/Hub/Editor/2020.3.20f1/Editor/Data/Resources/UnitySubsystems
[Subsystems] Discovering subsystems at path C:/Repositorios/Lumber/Assets
GfxDevice: creating device client; threaded=0
Direct3D:
    Version:  Direct3D 11.0 [level 11.1]
    Renderer: AMD Radeon(TM) RX Vega 11 Graphics (ID=0x15d8)
    Vendor:   
    VRAM:     7139 MB
    Driver:   30.0.14023.3004
Initialize mono
Mono path[0] = 'C:/Program Files/Unity/Hub/Editor/2020.3.20f1/Editor/Data/Managed'
Mono path[1] = 'C:/Program Files/Unity/Hub/Editor/2020.3.20f1/Editor/Data/MonoBleedingEdge/lib/mono/unityjit'
Mono config path = 'C:/Program Files/Unity/Hub/Editor/2020.3.20f1/Editor/Data/MonoBleedingEdge/etc'
Using monoOptions --debugger-agent=transport=dt_socket,embedding=1,server=y,suspend=n,address=127.0.0.1:56304
Begin MonoManager ReloadAssembly
Registering precompiled unity dll's ...
Register platform support module: C:/Program Files/Unity/Hub/Editor/2020.3.20f1/Editor/Data/PlaybackEngines/WindowsStandaloneSupport/UnityEditor.WindowsStandalone.Extensions.dll
Registered in 0.002511 seconds.
Native extension for WindowsStandalone target not found
Refreshing native plugins compatible for Editor in 68.34 ms, found 2 plugins.
Preloading 0 native plugins for Editor in 0.00 ms.
Mono: successfully reloaded assembly
- Completed reload, in  2.518 seconds
Domain Reload Profiling:
	ReloadAssembly (2518ms)
		BeginReloadAssembly (67ms)
			ExecutionOrderSort (0ms)
			DisableScriptedObjects (0ms)
			BackupInstance (0ms)
			ReleaseScriptingObjects (0ms)
			CreateAndSetChildDomain (1ms)
		EndReloadAssembly (622ms)
			LoadAssemblies (64ms)
			RebuildTransferFunctionScriptingTraits (0ms)
			SetupTypeCache (188ms)
			ReleaseScriptCaches (0ms)
			RebuildScriptCaches (49ms)
			SetupLoadedEditorAssemblies (227ms)
				LogAssemblyErrors (0ms)
				InitializePlatformSupportModulesInManaged (6ms)
				SetLoadedEditorAssemblies (0ms)
				RefreshPlugins (68ms)
				BeforeProcessingInitializeOnLoad (20ms)
				ProcessInitializeOnLoadAttributes (98ms)
				ProcessInitializeOnLoadMethodAttributes (34ms)
				AfterProcessingInitializeOnLoad (0ms)
				EditorAssembliesLoaded (0ms)
			ExecutionOrderSort2 (0ms)
			AwakeInstancesAfterBackupRestoration (0ms)
Platform modules already initialized, skipping
Registering precompiled user dll's ...
Registered in 0.004279 seconds.
Begin MonoManager ReloadAssembly
Native extension for WindowsStandalone target not found
Refreshing native plugins compatible for Editor in 64.89 ms, found 2 plugins.
Preloading 0 native plugins for Editor in 0.00 ms.
Mono: successfully reloaded assembly
- Completed reload, in  2.110 seconds
Domain Reload Profiling:
	ReloadAssembly (2111ms)
		BeginReloadAssembly (195ms)
			ExecutionOrderSort (0ms)
			DisableScriptedObjects (5ms)
			BackupInstance (0ms)
			ReleaseScriptingObjects (0ms)
			CreateAndSetChildDomain (29ms)
		EndReloadAssembly (1829ms)
			LoadAssemblies (817ms)
			RebuildTransferFunctionScriptingTraits (0ms)
			SetupTypeCache (371ms)
			ReleaseScriptCaches (1ms)
			RebuildScriptCaches (55ms)
			SetupLoadedEditorAssemblies (433ms)
				LogAssemblyErrors (0ms)
				InitializePlatformSupportModulesInManaged (6ms)
				SetLoadedEditorAssemblies (0ms)
				RefreshPlugins (65ms)
				BeforeProcessingInitializeOnLoad (100ms)
				ProcessInitializeOnLoadAttributes (247ms)
				ProcessInitializeOnLoadMethodAttributes (5ms)
				AfterProcessingInitializeOnLoad (10ms)
				EditorAssembliesLoaded (0ms)
			ExecutionOrderSort2 (0ms)
			AwakeInstancesAfterBackupRestoration (9ms)
Platform modules already initialized, skipping
========================================================================
Worker process is ready to serve import requests
Launched and connected shader compiler UnityShaderCompiler.exe after 0.26 seconds
Refreshing native plugins compatible for Editor in 0.62 ms, found 2 plugins.
Preloading 0 native plugins for Editor in 0.00 ms.
Unloading 2712 Unused Serialized files (Serialized files now loaded: 0)
System memory in use before: 121.9 MB.
System memory in use after: 122.1 MB.

Unloading 17 unused Assets to reduce memory usage. Loaded Objects now: 3147.
Total: 3.885100 ms (FindLiveObjects: 0.248100 ms CreateObjectMapping: 0.068500 ms MarkObjects: 3.485600 ms  DeleteObjects: 0.081100 ms)

AssetImportParameters requested are different than current active one (requested -> active):
  custom:framework-win-MediaFoundation: 216162199b28c13a410421893ffa2e32 -> 
  custom:video-decoder-ogg-theora: a1e56fd34408186e4bbccfd4996cb3dc -> 
  custom:container-muxer-webm: aa71ff27fc2769a1b78a27578f13a17b -> 
  custom:container-demuxer-webm: 4f35f7cbe854078d1ac9338744f61a02 -> 
  custom:container-demuxer-ogg: 62fdf1f143b41e24485cea50d1cbac27 -> 
  custom:video-encoder-webm-vp8: eb34c28f22e8b96e1ab97ce403110664 -> 
  custom:video-decoder-webm-vp8: 9c59270c3fd7afecdb556c50c9e8de78 -> 
  custom:audio-decoder-ogg-vorbis: bf7c407c2cedff20999df2af8eb42d56 -> 
  custom:audio-encoder-webm-vorbis: bf7c407c2cedff20999df2af8eb42d56 -> 
========================================================================
Received Import Request.
  path: Assets/Materials
  artifactKey: Guid(d0234ba368eeec9418390da711bfdad0) Importer(815301076,1909f56bfc062723c751e8b465ee728b)
Start importing Assets/Materials using Guid(d0234ba368eeec9418390da711bfdad0) Importer(815301076,1909f56bfc062723c751e8b465ee728b)  -> (artifact id: 'dd1fccef896d48891410691dfde716e5') in 0.014387 seconds 
  Import took 0.019175 seconds .

========================================================================
Received Import Request.
  Time since last request: 0.000196 seconds.
  path: Assets/Presets/AudioStreaming.preset
  artifactKey: Guid(86bcce7f5575b54408aa0f3a7d321039) Importer(815301076,1909f56bfc062723c751e8b465ee728b)
Start importing Assets/Presets/AudioStreaming.preset using Guid(86bcce7f5575b54408aa0f3a7d321039) Importer(815301076,1909f56bfc062723c751e8b465ee728b)  -> (artifact id: '9982fbd60bc57b892b2c54d34a0163c0') in 0.094293 seconds 
  Import took 0.098694 seconds .

========================================================================
Received Import Request.
  Time since last request: 0.000164 seconds.
  path: Assets/Models/PlaneSubbed.blend
  artifactKey: Guid(c757fc5238f459348b7f751f54bfa801) Importer(815301076,1909f56bfc062723c751e8b465ee728b)
Start importing Assets/Models/PlaneSubbed.blend using Guid(c757fc5238f459348b7f751f54bfa801) Importer(815301076,1909f56bfc062723c751e8b465ee728b)  -> (artifact id: '01fe461bec3a9404d578094eb5bfcd00') in 0.574393 seconds 
  Import took 0.580996 seconds .

========================================================================
Received Import Request.
  Time since last request: 0.000185 seconds.
  path: Assets/Scenes/Grass Tutorial.unity
  artifactKey: Guid(e52c4db19d8cd2c49ae97391971f8170) Importer(815301076,1909f56bfc062723c751e8b465ee728b)
Start importing Assets/Scenes/Grass Tutorial.unity using Guid(e52c4db19d8cd2c49ae97391971f8170) Importer(815301076,1909f56bfc062723c751e8b465ee728b)  -> (artifact id: '65ebbeabbda5d9efd96f4f018a620dca') in 0.009549 seconds 
  Import took 0.013978 seconds .

========================================================================
Received Import Request.
  Time since last request: 0.000230 seconds.
  path: Assets/Models
  artifactKey: Guid(577fc24492c4e9b4b9a6f49f04add3eb) Importer(815301076,1909f56bfc062723c751e8b465ee728b)
Start importing Assets/Models using Guid(577fc24492c4e9b4b9a6f49f04add3eb) Importer(815301076,1909f56bfc062723c751e8b465ee728b)  -> (artifact id: 'a039e09083080b42de13781f5edf8f79') in 0.010433 seconds 
  Import took 0.014751 seconds .

========================================================================
Received Import Request.
  Time since last request: 0.000284 seconds.
  path: Assets/Materials/Skybox_Mat.mat
  artifactKey: Guid(0ffaa0b7117ba8c47a9d05ae701d4b4d) Importer(815301076,1909f56bfc062723c751e8b465ee728b)
Start importing Assets/Materials/Skybox_Mat.mat using Guid(0ffaa0b7117ba8c47a9d05ae701d4b4d) Importer(815301076,1909f56bfc062723c751e8b465ee728b)  -> (artifact id: '4d54ab3375f41efad00566dcae11def2') in 0.120793 seconds 
  Import took 0.127331 seconds .

========================================================================
Received Import Request.
  Time since last request: 0.000307 seconds.
  path: Assets/Presets/AudioCompressedInMemory.preset
  artifactKey: Guid(2dd802e4d37c65149922028d3e973832) Importer(815301076,1909f56bfc062723c751e8b465ee728b)
Start importing Assets/Presets/AudioCompressedInMemory.preset using Guid(2dd802e4d37c65149922028d3e973832) Importer(815301076,1909f56bfc062723c751e8b465ee728b)  -> (artifact id: 'ac4de02398cfe62c06251b0f50233ebf') in 0.017821 seconds 
  Import took 0.022694 seconds .

========================================================================
Received Import Request.
  Time since last request: 0.001070 seconds.
  path: Assets/Presets/NormalTexture.preset
  artifactKey: Guid(14a57cf3b9fa1c74b884aa7e0dcf1faa) Importer(815301076,1909f56bfc062723c751e8b465ee728b)
Start importing Assets/Presets/NormalTexture.preset using Guid(14a57cf3b9fa1c74b884aa7e0dcf1faa) Importer(815301076,1909f56bfc062723c751e8b465ee728b)  -> (artifact id: '9c195482fc53bc4f53f643643f636469') in 0.021138 seconds 
  Import took 0.029355 seconds .

========================================================================
Received Import Request.
  Time since last request: 0.000244 seconds.
  path: Assets/Prefabs/Arvore2.prefab
  artifactKey: Guid(3c2d04d504f74444b921f0b4499b7943) Importer(815301076,1909f56bfc062723c751e8b465ee728b)
Start importing Assets/Prefabs/Arvore2.prefab using Guid(3c2d04d504f74444b921f0b4499b7943) Importer(815301076,1909f56bfc062723c751e8b465ee728b)  -> (artifact id: 'f9cf8bd2b5de7f2fa244cae062eb6c63') in 0.050405 seconds 
  Import took 0.055220 seconds .

========================================================================
Received Import Request.
  Time since last request: 0.000241 seconds.
  path: Assets/Presets/UtilityTexture.preset
  artifactKey: Guid(45f7b2e3c78185248b3adbb14429c2ab) Importer(815301076,1909f56bfc062723c751e8b465ee728b)
Start importing Assets/Presets/UtilityTexture.preset using Guid(45f7b2e3c78185248b3adbb14429c2ab) Importer(815301076,1909f56bfc062723c751e8b465ee728b)  -> (artifact id: 'ab9c1faeeb59b745cafa0ae79c874a42') in 0.024042 seconds 
  Import took 0.028420 seconds .

========================================================================
Received Import Request.
  Time since last request: 0.000237 seconds.
  path: Assets/Prefabs/Arvore1.prefab
  artifactKey: Guid(e9db0659795d0684bbd7d45e0a43772f) Importer(815301076,1909f56bfc062723c751e8b465ee728b)
Start importing Assets/Prefabs/Arvore1.prefab using Guid(e9db0659795d0684bbd7d45e0a43772f) Importer(815301076,1909f56bfc062723c751e8b465ee728b)  -> (artifact id: '572c6a97270a5d940f6f292cb7ef44d8') in 0.028377 seconds 
  Import took 0.035823 seconds .

========================================================================
Received Import Request.
  Time since last request: 0.000245 seconds.
  path: Assets/Readme.asset
  artifactKey: Guid(83c2ed844a8c74b779a4c823d16594b1) Importer(815301076,1909f56bfc062723c751e8b465ee728b)
Start importing Assets/Readme.asset using Guid(83c2ed844a8c74b779a4c823d16594b1) Importer(815301076,1909f56bfc062723c751e8b465ee728b)  -> (artifact id: '8ffd2c44ffeb50c574abb5d0c4453328') in 0.011870 seconds 
  Import took 0.016165 seconds .

========================================================================
Received Import Request.
  Time since last request: 6.631998 seconds.
  path: Assets/Shaders
  artifactKey: Guid(9e0d496b53173e7459673de235a7a3fb) Importer(815301076,1909f56bfc062723c751e8b465ee728b)
Start importing Assets/Shaders using Guid(9e0d496b53173e7459673de235a7a3fb) Importer(815301076,1909f56bfc062723c751e8b465ee728b)  -> (artifact id: '47c57257fbce6a5b4bd5bc06258c7e75') in 0.017373 seconds 
  Import took 0.029075 seconds .

========================================================================
Received Import Request.
  Time since last request: 0.048506 seconds.
  path: Assets/Shaders/Grass Ground.mat
  artifactKey: Guid(6c33f10a3cfeda74b9d8db4a76e4f478) Importer(815301076,1909f56bfc062723c751e8b465ee728b)
Start importing Assets/Shaders/Grass Ground.mat using Guid(6c33f10a3cfeda74b9d8db4a76e4f478) Importer(815301076,1909f56bfc062723c751e8b465ee728b)  -> (artifact id: '8082b64887f24a20c5224d056a00a3e8') in 0.047457 seconds 
  Import took 0.051943 seconds .

========================================================================
Received Import Request.
  Time since last request: 0.000182 seconds.
  path: Assets/Shaders/Grass.mat
  artifactKey: Guid(a6d2c5d9ee2108a46ac57f711637ddd2) Importer(815301076,1909f56bfc062723c751e8b465ee728b)
Start importing Assets/Shaders/Grass.mat using Guid(a6d2c5d9ee2108a46ac57f711637ddd2) Importer(815301076,1909f56bfc062723c751e8b465ee728b)  -> (artifact id: 'aa38c5e7ca50e4242e6263aa07825b6d') in 0.280369 seconds 
  Import took 0.284009 seconds .

========================================================================
Received Import Request.
  Time since last request: 0.000189 seconds.
  path: Assets/Shaders/Sharp Grass.mat
  artifactKey: Guid(1b4ad8ca7712a3848b0c3e887f3568b0) Importer(815301076,1909f56bfc062723c751e8b465ee728b)
Start importing Assets/Shaders/Sharp Grass.mat using Guid(1b4ad8ca7712a3848b0c3e887f3568b0) Importer(815301076,1909f56bfc062723c751e8b465ee728b)  -> (artifact id: '7e1e70ccb223005abac62f8512051d6a') in 0.055551 seconds 
  Import took 0.060815 seconds .

========================================================================
Received Import Request.
  Time since last request: 0.000183 seconds.
  path: Assets/Shaders/Wheat Ground.mat
  artifactKey: Guid(fa82f68aa971c6541bb6fd7674e2f2ad) Importer(815301076,1909f56bfc062723c751e8b465ee728b)
Start importing Assets/Shaders/Wheat Ground.mat using Guid(fa82f68aa971c6541bb6fd7674e2f2ad) Importer(815301076,1909f56bfc062723c751e8b465ee728b)  -> (artifact id: 'd7f240e732d1372c23dada26ed8af0c3') in 0.028223 seconds 
  Import took 0.032257 seconds .

========================================================================
Received Import Request.
  Time since last request: 0.000765 seconds.
  path: Assets/Shaders/Wheat.mat
  artifactKey: Guid(0e8989b6330079a4080af49f02307840) Importer(815301076,1909f56bfc062723c751e8b465ee728b)
Start importing Assets/Shaders/Wheat.mat using Guid(0e8989b6330079a4080af49f02307840) Importer(815301076,1909f56bfc062723c751e8b465ee728b)  -> (artifact id: '4d2303a7737627901166bbcfc86e1807') in 0.037329 seconds 
  Import took 0.047684 seconds .

========================================================================
Received Import Request.
  Time since last request: 0.000172 seconds.
  path: Assets/Shaders/WaterDistortion.png
  artifactKey: Guid(1ed45cd465dcc0c459bb1e153cd5fbd2) Importer(815301076,1909f56bfc062723c751e8b465ee728b)
Start importing Assets/Shaders/WaterDistortion.png using Guid(1ed45cd465dcc0c459bb1e153cd5fbd2) Importer(815301076,1909f56bfc062723c751e8b465ee728b)  -> (artifact id: '6025b9794151dac74b93c547a601955b') in 0.047491 seconds 
  Import took 0.051717 seconds .

========================================================================
Received Import Request.
  Time since last request: 25.191221 seconds.
  path: Assets/Shaders/PNG/Flat/sprite_0013.png
  artifactKey: Guid(4ba908f9d429d7b4ba9672ac2021a87a) Importer(815301076,1909f56bfc062723c751e8b465ee728b)
Start importing Assets/Shaders/PNG/Flat/sprite_0013.png using Guid(4ba908f9d429d7b4ba9672ac2021a87a) Importer(815301076,1909f56bfc062723c751e8b465ee728b)  -> (artifact id: 'e6992229d5ba9b09f1cfec5cd9560c73') in 0.016128 seconds 
  Import took 0.022645 seconds .

========================================================================
Received Import Request.
  Time since last request: 57.027512 seconds.
  path: Assets/Shaders/PNG/Flat/sprite_0001 - Copy2.png
  artifactKey: Guid(44133ab0e0e8fb3478e8674aea5c9d18) Importer(815301076,1909f56bfc062723c751e8b465ee728b)
Start importing Assets/Shaders/PNG/Flat/sprite_0001 - Copy2.png using Guid(44133ab0e0e8fb3478e8674aea5c9d18) Importer(815301076,1909f56bfc062723c751e8b465ee728b)  -> (artifact id: '337d3ba2f8b8aceaea2071792df82d9c') in 0.022965 seconds 
  Import took 0.027295 seconds .

========================================================================
Received Import Request.
  Time since last request: 5.151760 seconds.
  path: Assets/Brown.mat
  artifactKey: Guid(ec058d91315e50f4195c4b6b16f6ea34) Importer(815301076,1909f56bfc062723c751e8b465ee728b)
Start importing Assets/Brown.mat using Guid(ec058d91315e50f4195c4b6b16f6ea34) Importer(815301076,1909f56bfc062723c751e8b465ee728b)  -> (artifact id: '50d5ff11c52c3c3f502c9f9fcd8902be') in 0.019851 seconds 
  Import took 0.023869 seconds .

========================================================================
Received Import Request.
  Time since last request: 0.000187 seconds.
  path: Assets/Green.mat
  artifactKey: Guid(5b46d6089345a0a4f8ffcaf0b933359f) Importer(815301076,1909f56bfc062723c751e8b465ee728b)
Start importing Assets/Green.mat using Guid(5b46d6089345a0a4f8ffcaf0b933359f) Importer(815301076,1909f56bfc062723c751e8b465ee728b)  -> (artifact id: '871d7a74b8ead01e23d41f60ad41f135') in 0.022585 seconds 
  Import took 0.026969 seconds .

========================================================================
Received Import Request.
  Time since last request: 5.053157 seconds.
  path: Assets/Shaders/PNG
  artifactKey: Guid(d17971aa859ed024cb58cf441bdd3cf6) Importer(815301076,1909f56bfc062723c751e8b465ee728b)
Start importing Assets/Shaders/PNG using Guid(d17971aa859ed024cb58cf441bdd3cf6) Importer(815301076,1909f56bfc062723c751e8b465ee728b)  -> (artifact id: 'b92dba0138380ebedb71dbb0d9cec884') in 0.008647 seconds 
  Import took 0.012939 seconds .

========================================================================
Received Import Request.
  Time since last request: 2.675490 seconds.
  path: Assets/Shaders/PNG/Flat
  artifactKey: Guid(a43ab68ab296a874bb95f98e58b45b20) Importer(815301076,1909f56bfc062723c751e8b465ee728b)
Start importing Assets/Shaders/PNG/Flat using Guid(a43ab68ab296a874bb95f98e58b45b20) Importer(815301076,1909f56bfc062723c751e8b465ee728b)  -> (artifact id: 'caef437cb07ff5b0d9af46028683acf9') in 0.008220 seconds 
  Import took 0.016723 seconds .

========================================================================
Received Import Request.
  Time since last request: 0.078192 seconds.
  path: Assets/Shaders/PNG/Flat/New Material 1.mat
  artifactKey: Guid(60ceccebc0e1ce14f8097dba89db87e4) Importer(815301076,1909f56bfc062723c751e8b465ee728b)
Start importing Assets/Shaders/PNG/Flat/New Material 1.mat using Guid(60ceccebc0e1ce14f8097dba89db87e4) Importer(815301076,1909f56bfc062723c751e8b465ee728b)  -> (artifact id: '1752cb468024bc7af5d0e8291bfed922') in 0.365276 seconds 
  Import took 0.370848 seconds .

========================================================================
Received Import Request.
  Time since last request: 0.000169 seconds.
  path: Assets/Shaders/PNG/Flat/sprite_0018.png
  artifactKey: Guid(894675ead23ec754b973245f7f37060f) Importer(815301076,1909f56bfc062723c751e8b465ee728b)
Start importing Assets/Shaders/PNG/Flat/sprite_0018.png using Guid(894675ead23ec754b973245f7f37060f) Importer(815301076,1909f56bfc062723c751e8b465ee728b)  -> (artifact id: 'b5a1fa4fb07a5b775dd66be7b030d121') in 0.061765 seconds 
  Import took 0.067337 seconds .

========================================================================
Received Import Request.
  Time since last request: 0.000194 seconds.
  path: Assets/Shaders/PNG/Flat/sprite_0032.png
  artifactKey: Guid(d18d6a6a440e3c246af8f810dc764147) Importer(815301076,1909f56bfc062723c751e8b465ee728b)
Start importing Assets/Shaders/PNG/Flat/sprite_0032.png using Guid(d18d6a6a440e3c246af8f810dc764147) Importer(815301076,1909f56bfc062723c751e8b465ee728b)  -> (artifact id: 'f1b4dd8a91c011910758cae0b796be7f') in 0.058822 seconds 
  Import took 0.065202 seconds .

========================================================================
Received Import Request.
  Time since last request: 0.000180 seconds.
  path: Assets/Shaders/PNG/Flat/sprite_0012.png
  artifactKey: Guid(793c1655135b19945a0be5f6a194d4ae) Importer(815301076,1909f56bfc062723c751e8b465ee728b)
Start importing Assets/Shaders/PNG/Flat/sprite_0012.png using Guid(793c1655135b19945a0be5f6a194d4ae) Importer(815301076,1909f56bfc062723c751e8b465ee728b)  -> (artifact id: 'badb474289121bd13d3c83cea682f3c1') in 0.101812 seconds 
  Import took 0.106497 seconds .

========================================================================
Received Import Request.
  Time since last request: 0.000167 seconds.
  path: Assets/Shaders/PNG/Flat/sprite_0006.png
  artifactKey: Guid(6a837a3fdde92f24f92dfdfd12a6c68a) Importer(815301076,1909f56bfc062723c751e8b465ee728b)
Start importing Assets/Shaders/PNG/Flat/sprite_0006.png using Guid(6a837a3fdde92f24f92dfdfd12a6c68a) Importer(815301076,1909f56bfc062723c751e8b465ee728b)  -> (artifact id: '40de38cb799c602c18e2dca959fe2c5c') in 0.058431 seconds 
  Import took 0.062235 seconds .

========================================================================
Received Import Request.
  Time since last request: 0.000183 seconds.
  path: Assets/Shaders/PNG/Flat/sprite_0029.png
  artifactKey: Guid(f52f5d6e330f8b6448df9c6e21a59dcf) Importer(815301076,1909f56bfc062723c751e8b465ee728b)
Start importing Assets/Shaders/PNG/Flat/sprite_0029.png using Guid(f52f5d6e330f8b6448df9c6e21a59dcf) Importer(815301076,1909f56bfc062723c751e8b465ee728b)  -> (artifact id: 'c11ea54e519d2580bd2e0220ab4682de') in 0.095514 seconds 
  Import took 0.101117 seconds .

========================================================================
Received Import Request.
  Time since last request: 0.000515 seconds.
  path: Assets/Shaders/PNG/Flat/sprite_0005.png
  artifactKey: Guid(92d8694fc7d735e4399d201239a6c5e2) Importer(815301076,1909f56bfc062723c751e8b465ee728b)
Start importing Assets/Shaders/PNG/Flat/sprite_0005.png using Guid(92d8694fc7d735e4399d201239a6c5e2) Importer(815301076,1909f56bfc062723c751e8b465ee728b)  -> (artifact id: 'd1280c3c387dddb9764e614fdf20c830') in 0.080427 seconds 
  Import took 0.084355 seconds .

========================================================================
Received Import Request.
  Time since last request: 0.000177 seconds.
  path: Assets/Shaders/PNG/Flat/sprite_0011.png
  artifactKey: Guid(d3b2d30dfbcbdf844aea3fb9f955ce0c) Importer(815301076,1909f56bfc062723c751e8b465ee728b)
Start importing Assets/Shaders/PNG/Flat/sprite_0011.png using Guid(d3b2d30dfbcbdf844aea3fb9f955ce0c) Importer(815301076,1909f56bfc062723c751e8b465ee728b)  -> (artifact id: 'c8f0d36885229d57a4cb8e9d59450f29') in 0.096691 seconds 
  Import took 0.103129 seconds .

========================================================================
Received Import Request.
  Time since last request: 0.000468 seconds.
  path: Assets/Shaders/PNG/Flat/sprite_0001.png
  artifactKey: Guid(b6c9bdd4c2948a343b932d2f72cd6377) Importer(815301076,1909f56bfc062723c751e8b465ee728b)
Start importing Assets/Shaders/PNG/Flat/sprite_0001.png using Guid(b6c9bdd4c2948a343b932d2f72cd6377) Importer(815301076,1909f56bfc062723c751e8b465ee728b)  -> (artifact id: 'ef3e0b6b1d9f557424e64a8bec789d69') in 0.055708 seconds 
  Import took 0.060967 seconds .

========================================================================
Received Import Request.
  Time since last request: 0.000176 seconds.
  path: Assets/Shaders/PNG/Flat/sprite_0025.png
  artifactKey: Guid(a798381810116244a892991893d5ae30) Importer(815301076,1909f56bfc062723c751e8b465ee728b)
Start importing Assets/Shaders/PNG/Flat/sprite_0025.png using Guid(a798381810116244a892991893d5ae30) Importer(815301076,1909f56bfc062723c751e8b465ee728b)  -> (artifact id: '85ee8aae8ae001e82dc6ffdc81daa36b') in 0.080817 seconds 
  Import took 0.087684 seconds .

========================================================================
Received Import Request.
  Time since last request: 0.000174 seconds.
  path: Assets/Shaders/PNG/Flat/sprite_0002.png
  artifactKey: Guid(3553c4a822629cc4991249e3c7d55350) Importer(815301076,1909f56bfc062723c751e8b465ee728b)
Start importing Assets/Shaders/PNG/Flat/sprite_0002.png using Guid(3553c4a822629cc4991249e3c7d55350) Importer(815301076,1909f56bfc062723c751e8b465ee728b)  -> (artifact id: 'bfe836e4b2773d09c84ec665fba264d5') in 0.055023 seconds 
  Import took 0.058725 seconds .

========================================================================
Received Import Request.
  Time since last request: 0.000197 seconds.
  path: Assets/Shaders/PNG/Flat/sprite_0033.png
  artifactKey: Guid(39124d0005fd5e9499e7696c091e03a8) Importer(815301076,1909f56bfc062723c751e8b465ee728b)
Start importing Assets/Shaders/PNG/Flat/sprite_0033.png using Guid(39124d0005fd5e9499e7696c091e03a8) Importer(815301076,1909f56bfc062723c751e8b465ee728b)  -> (artifact id: '8082d25d5a595bd966bb9010c2179224') in 0.074217 seconds 
  Import took 0.081813 seconds .

========================================================================
Received Import Request.
  Time since last request: 0.000246 seconds.
  path: Assets/Shaders/PNG/Flat/sprite_0034.png
  artifactKey: Guid(3cf6f40182213294aba2e1b58d904f9b) Importer(815301076,1909f56bfc062723c751e8b465ee728b)
Start importing Assets/Shaders/PNG/Flat/sprite_0034.png using Guid(3cf6f40182213294aba2e1b58d904f9b) Importer(815301076,1909f56bfc062723c751e8b465ee728b)  -> (artifact id: 'c9430938142722ad72e7688263aa840d') in 0.075614 seconds 
  Import took 0.082133 seconds .

========================================================================
Received Import Request.
  Time since last request: 0.000222 seconds.
  path: Assets/Shaders/PNG/Flat/sprite_0014.png
  artifactKey: Guid(dea48447e0750b844971c84dab0f7324) Importer(815301076,1909f56bfc062723c751e8b465ee728b)
Start importing Assets/Shaders/PNG/Flat/sprite_0014.png using Guid(dea48447e0750b844971c84dab0f7324) Importer(815301076,1909f56bfc062723c751e8b465ee728b)  -> (artifact id: 'b301ea8b5087754c80e20c54ac7b9ed6') in 0.015538 seconds 
  Import took 0.019636 seconds .

========================================================================
Received Import Request.
  Time since last request: 0.000202 seconds.
  path: Assets/Shaders/PNG/Flat/sprite_0019.png
  artifactKey: Guid(f149bb0ae49ada44bbe7a3367c706d31) Importer(815301076,1909f56bfc062723c751e8b465ee728b)
Start importing Assets/Shaders/PNG/Flat/sprite_0019.png using Guid(f149bb0ae49ada44bbe7a3367c706d31) Importer(815301076,1909f56bfc062723c751e8b465ee728b)  -> (artifact id: '89e69ad36946b30348e76fc2344a0e65') in 0.058001 seconds 
  Import took 0.062342 seconds .

========================================================================
Received Import Request.
  Time since last request: 0.000201 seconds.
  path: Assets/Shaders/PNG/Flat/sprite_0028.png
  artifactKey: Guid(f020b81158409c74d94b2869889237bb) Importer(815301076,1909f56bfc062723c751e8b465ee728b)
Start importing Assets/Shaders/PNG/Flat/sprite_0028.png using Guid(f020b81158409c74d94b2869889237bb) Importer(815301076,1909f56bfc062723c751e8b465ee728b)  -> (artifact id: 'bf7f25558e835da749589303600c6305') in 0.056753 seconds 
  Import took 0.060871 seconds .

========================================================================
Received Import Request.
  Time since last request: 0.000272 seconds.
  path: Assets/Shaders/PNG/Flat/sprite_0022.png
  artifactKey: Guid(e6785291456660847aeba81645ab9d80) Importer(815301076,1909f56bfc062723c751e8b465ee728b)
Start importing Assets/Shaders/PNG/Flat/sprite_0022.png using Guid(e6785291456660847aeba81645ab9d80) Importer(815301076,1909f56bfc062723c751e8b465ee728b)  -> (artifact id: '32d97bc93dbaee0cc3527ad7ab6081e0') in 0.058841 seconds 
  Import took 0.063122 seconds .

========================================================================
Received Import Request.
  Time since last request: 0.000189 seconds.
  path: Assets/Shaders/PNG/Flat/New Material 2.mat
  artifactKey: Guid(d89baae66a614b04a8b967ba26f04c68) Importer(815301076,1909f56bfc062723c751e8b465ee728b)
Start importing Assets/Shaders/PNG/Flat/New Material 2.mat using Guid(d89baae66a614b04a8b967ba26f04c68) Importer(815301076,1909f56bfc062723c751e8b465ee728b)  -> (artifact id: '3eb3390bac88d4e0f46b044618e923ad') in 0.058906 seconds 
  Import took 0.062714 seconds .

========================================================================
Received Import Request.
  Time since last request: 0.000173 seconds.
  path: Assets/Shaders/PNG/Flat/sprite_0015.png
  artifactKey: Guid(c6b229c7701f8a6458a45efef30447d1) Importer(815301076,1909f56bfc062723c751e8b465ee728b)
Start importing Assets/Shaders/PNG/Flat/sprite_0015.png using Guid(c6b229c7701f8a6458a45efef30447d1) Importer(815301076,1909f56bfc062723c751e8b465ee728b)  -> (artifact id: 'a9631e00957bc1fa3e8dbacbee9699b7') in 0.054363 seconds 
  Import took 0.058113 seconds .

========================================================================
Received Import Request.
  Time since last request: 0.000238 seconds.
  path: Assets/Shaders/PNG/Flat/sprite_0021.png
  artifactKey: Guid(235f452d64c6e404882f40493a1e2d9d) Importer(815301076,1909f56bfc062723c751e8b465ee728b)
Start importing Assets/Shaders/PNG/Flat/sprite_0021.png using Guid(235f452d64c6e404882f40493a1e2d9d) Importer(815301076,1909f56bfc062723c751e8b465ee728b)  -> (artifact id: 'bfce74276f400b1fb58b229bce30fc00') in 0.048719 seconds 
  Import took 0.057064 seconds .

========================================================================
Received Import Request.
  Time since last request: 0.000198 seconds.
  path: Assets/Shaders/PNG/Flat/sprite_0001 - Copy.png
  artifactKey: Guid(e420c2b2a6880d740956e6ca06535b6e) Importer(815301076,1909f56bfc062723c751e8b465ee728b)
Start importing Assets/Shaders/PNG/Flat/sprite_0001 - Copy.png using Guid(e420c2b2a6880d740956e6ca06535b6e) Importer(815301076,1909f56bfc062723c751e8b465ee728b)  -> (artifact id: '371ca26bd8a9c3ec40f7199c48f0c107') in 0.045929 seconds 
  Import took 0.050293 seconds .

========================================================================
Received Import Request.
  Time since last request: 0.000203 seconds.
  path: Assets/Shaders/PNG/Flat/sprite_0030.png
  artifactKey: Guid(76a50b7c60c330043a32136baf101972) Importer(815301076,1909f56bfc062723c751e8b465ee728b)
Start importing Assets/Shaders/PNG/Flat/sprite_0030.png using Guid(76a50b7c60c330043a32136baf101972) Importer(815301076,1909f56bfc062723c751e8b465ee728b)  -> (artifact id: '8f03c99fa54ab96bd5780c965a4485f3') in 0.059672 seconds 
  Import took 0.063557 seconds .

========================================================================
Received Import Request.
  Time since last request: 0.000177 seconds.
  path: Assets/Shaders/PNG/Flat/sprite_0016.png
  artifactKey: Guid(c3db5751ffa166b4ab520984273ad4b1) Importer(815301076,1909f56bfc062723c751e8b465ee728b)
Start importing Assets/Shaders/PNG/Flat/sprite_0016.png using Guid(c3db5751ffa166b4ab520984273ad4b1) Importer(815301076,1909f56bfc062723c751e8b465ee728b)  -> (artifact id: '9d53e0dfa0b568ea487f3175e9421655') in 0.082326 seconds 
  Import took 0.086591 seconds .

========================================================================
Received Import Request.
  Time since last request: 0.000180 seconds.
  path: Assets/Shaders/PNG/Flat/sprite_0031.png
  artifactKey: Guid(f45ef671597980e44ae5226fec52b21e) Importer(815301076,1909f56bfc062723c751e8b465ee728b)
Start importing Assets/Shaders/PNG/Flat/sprite_0031.png using Guid(f45ef671597980e44ae5226fec52b21e) Importer(815301076,1909f56bfc062723c751e8b465ee728b)  -> (artifact id: '8aeb658f4a6c828db8a68f7f84cf3570') in 0.082875 seconds 
  Import took 0.086746 seconds .

========================================================================
Received Import Request.
  Time since last request: 0.000195 seconds.
  path: Assets/Shaders/PNG/Flat/New Material.mat
  artifactKey: Guid(2b2d50d74bec276409633b4ac1a6892c) Importer(815301076,1909f56bfc062723c751e8b465ee728b)
Start importing Assets/Shaders/PNG/Flat/New Material.mat using Guid(2b2d50d74bec276409633b4ac1a6892c) Importer(815301076,1909f56bfc062723c751e8b465ee728b)  -> (artifact id: '1b2b7bdbcb7fdb1f616115a0190b81fa') in 0.028675 seconds 
  Import took 0.033760 seconds .

========================================================================
Received Import Request.
  Time since last request: 0.000190 seconds.
  path: Assets/Shaders/PNG/Flat/sprite_0008.png
  artifactKey: Guid(1de46f6f092b4dd4686146431f2b5051) Importer(815301076,1909f56bfc062723c751e8b465ee728b)
Start importing Assets/Shaders/PNG/Flat/sprite_0008.png using Guid(1de46f6f092b4dd4686146431f2b5051) Importer(815301076,1909f56bfc062723c751e8b465ee728b)  -> (artifact id: 'd08a05a889b70887762a97e3e9580164') in 0.018728 seconds 
  Import took 0.029408 seconds .

========================================================================
Received Import Request.
  Time since last request: 0.000221 seconds.
  path: Assets/Shaders/PNG/Flat/sprite_0007.png
  artifactKey: Guid(3e19af442075d0845938165f458fea68) Importer(815301076,1909f56bfc062723c751e8b465ee728b)
Start importing Assets/Shaders/PNG/Flat/sprite_0007.png using Guid(3e19af442075d0845938165f458fea68) Importer(815301076,1909f56bfc062723c751e8b465ee728b)  -> (artifact id: '80922d03ff0083dba8d664dc11d936a9') in 0.016717 seconds 
  Import took 0.021379 seconds .

========================================================================
Received Import Request.
  Time since last request: 0.000221 seconds.
  path: Assets/Shaders/PNG/Flat/sprite_0009.png
  artifactKey: Guid(57046dca399299645a0918939c2c7164) Importer(815301076,1909f56bfc062723c751e8b465ee728b)
Start importing Assets/Shaders/PNG/Flat/sprite_0009.png using Guid(57046dca399299645a0918939c2c7164) Importer(815301076,1909f56bfc062723c751e8b465ee728b)  -> (artifact id: 'd9a8208bd0b698ab4bb8ed1d291ff03d') in 0.062373 seconds 
  Import took 0.067257 seconds .

========================================================================
Received Import Request.
  Time since last request: 0.000173 seconds.
  path: Assets/Shaders/PNG/Flat/sprite_0024.png
  artifactKey: Guid(a37594ffff6143349977a65fc8153b4e) Importer(815301076,1909f56bfc062723c751e8b465ee728b)
Start importing Assets/Shaders/PNG/Flat/sprite_0024.png using Guid(a37594ffff6143349977a65fc8153b4e) Importer(815301076,1909f56bfc062723c751e8b465ee728b)  -> (artifact id: 'a690f2d4fe063015369a1729ab307211') in 0.053632 seconds 
  Import took 0.057647 seconds .

========================================================================
Received Import Request.
  Time since last request: 0.000222 seconds.
  path: Assets/Shaders/PNG/Flat/sprite_0003.png
  artifactKey: Guid(c393b6074e3291c468ab1407b06da3d3) Importer(815301076,1909f56bfc062723c751e8b465ee728b)
Start importing Assets/Shaders/PNG/Flat/sprite_0003.png using Guid(c393b6074e3291c468ab1407b06da3d3) Importer(815301076,1909f56bfc062723c751e8b465ee728b)  -> (artifact id: 'c0bbd6e7b65cad769f2458fc09eb329a') in 0.053502 seconds 
  Import took 0.057676 seconds .

========================================================================
Received Import Request.
  Time since last request: 0.000251 seconds.
  path: Assets/Shaders/PNG/Flat/sprite_0023.png
  artifactKey: Guid(b4f9e2e9e35cf7b409a7fc0bec4eff78) Importer(815301076,1909f56bfc062723c751e8b465ee728b)
Start importing Assets/Shaders/PNG/Flat/sprite_0023.png using Guid(b4f9e2e9e35cf7b409a7fc0bec4eff78) Importer(815301076,1909f56bfc062723c751e8b465ee728b)  -> (artifact id: '17c7b5cc2ea8b0c4e3dcaac94804d730') in 0.043438 seconds 
  Import took 0.047746 seconds .

========================================================================
Received Import Request.
  Time since last request: 0.000172 seconds.
  path: Assets/Shaders/PNG/Flat/sprite_0026.png
  artifactKey: Guid(5816199c6ef4a914fb8f377d4d3cc322) Importer(815301076,1909f56bfc062723c751e8b465ee728b)
Start importing Assets/Shaders/PNG/Flat/sprite_0026.png using Guid(5816199c6ef4a914fb8f377d4d3cc322) Importer(815301076,1909f56bfc062723c751e8b465ee728b)  -> (artifact id: 'bc713c5a8dbedc9c85eb9bc1918d6e71') in 0.057806 seconds 
  Import took 0.061769 seconds .

========================================================================
Received Import Request.
  Time since last request: 0.000184 seconds.
  path: Assets/Shaders/PNG/Flat/sprite_0010.png
  artifactKey: Guid(1332a62c98a0baa43bc994656f4a495c) Importer(815301076,1909f56bfc062723c751e8b465ee728b)
Start importing Assets/Shaders/PNG/Flat/sprite_0010.png using Guid(1332a62c98a0baa43bc994656f4a495c) Importer(815301076,1909f56bfc062723c751e8b465ee728b)  -> (artifact id: 'd44eeef0bc73b1d40c75ce7c048d2c8c') in 0.049226 seconds 
  Import took 0.053265 seconds .

========================================================================
Received Import Request.
  Time since last request: 0.000256 seconds.
  path: Assets/Shaders/PNG/Flat/sprite_0027.png
  artifactKey: Guid(e63a632c3d427194da7bb14427ef3b26) Importer(815301076,1909f56bfc062723c751e8b465ee728b)
Start importing Assets/Shaders/PNG/Flat/sprite_0027.png using Guid(e63a632c3d427194da7bb14427ef3b26) Importer(815301076,1909f56bfc062723c751e8b465ee728b)  -> (artifact id: '1bc09df97e7e3f9abe502a3a9684341d') in 0.039773 seconds 
  Import took 0.043748 seconds .

========================================================================
Received Import Request.
  Time since last request: 0.000239 seconds.
  path: Assets/Shaders/PNG/Flat/sprite_0020.png
  artifactKey: Guid(a38f081c450ef11408a550d48613798a) Importer(815301076,1909f56bfc062723c751e8b465ee728b)
Start importing Assets/Shaders/PNG/Flat/sprite_0020.png using Guid(a38f081c450ef11408a550d48613798a) Importer(815301076,1909f56bfc062723c751e8b465ee728b)  -> (artifact id: '3e5be0019793a5e71ffc8353e5ad4821') in 0.058928 seconds 
  Import took 0.062953 seconds .

========================================================================
Received Import Request.
  Time since last request: 0.000187 seconds.
  path: Assets/Shaders/PNG/Flat/sprite_0017.png
  artifactKey: Guid(d051657e22e12fe4393c7aeb33754a2b) Importer(815301076,1909f56bfc062723c751e8b465ee728b)
Start importing Assets/Shaders/PNG/Flat/sprite_0017.png using Guid(d051657e22e12fe4393c7aeb33754a2b) Importer(815301076,1909f56bfc062723c751e8b465ee728b)  -> (artifact id: '6e36b7c1dcb16aa7d4551c5f98b71e11') in 0.081791 seconds 
  Import took 0.085509 seconds .

========================================================================
Received Import Request.
  Time since last request: 0.000179 seconds.
  path: Assets/Shaders/PNG/Flat/sprite_0004.png
  artifactKey: Guid(90a93b797fc913a45b8959f84e161d24) Importer(815301076,1909f56bfc062723c751e8b465ee728b)
Start importing Assets/Shaders/PNG/Flat/sprite_0004.png using Guid(90a93b797fc913a45b8959f84e161d24) Importer(815301076,1909f56bfc062723c751e8b465ee728b)  -> (artifact id: '995d7f099d0f2003bccaf5ffe7637b3e') in 0.069084 seconds 
  Import took 0.073256 seconds .

========================================================================
Received Import Request.
  Time since last request: 0.795811 seconds.
  path: Assets/Shaders/PNG/Flat/sprite_0035.png
  artifactKey: Guid(6c87d81a58f624a4d81d7b230b5a093b) Importer(815301076,1909f56bfc062723c751e8b465ee728b)
Start importing Assets/Shaders/PNG/Flat/sprite_0035.png using Guid(6c87d81a58f624a4d81d7b230b5a093b) Importer(815301076,1909f56bfc062723c751e8b465ee728b)  -> (artifact id: '569ed85338c79c47480ac12004c67fcd') in 0.075882 seconds 
  Import took 0.084566 seconds .

========================================================================
Received Import Request.
  Time since last request: 0.000360 seconds.
  path: Assets/Shaders/PNG/Flat/sprite_0045.png
  artifactKey: Guid(0e5ba24e8c6c4004d98296e4254bef99) Importer(815301076,1909f56bfc062723c751e8b465ee728b)
Start importing Assets/Shaders/PNG/Flat/sprite_0045.png using Guid(0e5ba24e8c6c4004d98296e4254bef99) Importer(815301076,1909f56bfc062723c751e8b465ee728b)  -> (artifact id: 'e6425fceda591451f1d3bbc94f22d44a') in 0.064896 seconds 
  Import took 0.070175 seconds .

========================================================================
Received Import Request.
  Time since last request: 0.000341 seconds.
  path: Assets/Shaders/PNG/Flat/sprite_0037.png
  artifactKey: Guid(e95bce8b3bc97574fad36d87f3d7f126) Importer(815301076,1909f56bfc062723c751e8b465ee728b)
Start importing Assets/Shaders/PNG/Flat/sprite_0037.png using Guid(e95bce8b3bc97574fad36d87f3d7f126) Importer(815301076,1909f56bfc062723c751e8b465ee728b)  -> (artifact id: '3f5d5db46a2a4da53ff76ed160d931b4') in 0.079371 seconds 
  Import took 0.086099 seconds .

========================================================================
Received Import Request.
  Time since last request: 0.000325 seconds.
  path: Assets/Shaders/PNG/Flat/sprite_0041.png
  artifactKey: Guid(589e969b37d729d4d865cfef00cdc7a2) Importer(815301076,1909f56bfc062723c751e8b465ee728b)
Start importing Assets/Shaders/PNG/Flat/sprite_0041.png using Guid(589e969b37d729d4d865cfef00cdc7a2) Importer(815301076,1909f56bfc062723c751e8b465ee728b)  -> (artifact id: 'bff5ce39d48e890c693f37a6ca52d7e1') in 0.069187 seconds 
  Import took 0.075255 seconds .

========================================================================
Received Import Request.
  Time since last request: 0.000181 seconds.
  path: Assets/Shaders/PNG/Flat/sprite_0044.png
  artifactKey: Guid(23c508234cd534a42b6a94d8cb80ca37) Importer(815301076,1909f56bfc062723c751e8b465ee728b)
Start importing Assets/Shaders/PNG/Flat/sprite_0044.png using Guid(23c508234cd534a42b6a94d8cb80ca37) Importer(815301076,1909f56bfc062723c751e8b465ee728b)  -> (artifact id: '3b29abd68d491d316f9f871d654b932b') in 0.048998 seconds 
  Import took 0.056381 seconds .

========================================================================
Received Import Request.
  Time since last request: 0.000248 seconds.
  path: Assets/Shaders/PNG/Flat/sprite_0049.png
  artifactKey: Guid(9fab6f39fe97e6642b299c2f6baf4d34) Importer(815301076,1909f56bfc062723c751e8b465ee728b)
Start importing Assets/Shaders/PNG/Flat/sprite_0049.png using Guid(9fab6f39fe97e6642b299c2f6baf4d34) Importer(815301076,1909f56bfc062723c751e8b465ee728b)  -> (artifact id: '538a3dee384724046ccc957c24a73b2e') in 0.019474 seconds 
  Import took 0.026172 seconds .

========================================================================
Received Import Request.
  Time since last request: 0.000347 seconds.
  path: Assets/Shaders/PNG/Flat/sprite_0046.png
  artifactKey: Guid(febb1b15e557fc443923fba52aa1b735) Importer(815301076,1909f56bfc062723c751e8b465ee728b)
Start importing Assets/Shaders/PNG/Flat/sprite_0046.png using Guid(febb1b15e557fc443923fba52aa1b735) Importer(815301076,1909f56bfc062723c751e8b465ee728b)  -> (artifact id: '39cd715c2e333ed6fe87d7344ee87f56') in 0.027528 seconds 
  Import took 0.033011 seconds .

========================================================================
Received Import Request.
  Time since last request: 0.000230 seconds.
  path: Assets/Shaders/PNG/Flat/sprite_0048.png
  artifactKey: Guid(9960fd56fd68f3142b7b4d06fd8346a2) Importer(815301076,1909f56bfc062723c751e8b465ee728b)
Start importing Assets/Shaders/PNG/Flat/sprite_0048.png using Guid(9960fd56fd68f3142b7b4d06fd8346a2) Importer(815301076,1909f56bfc062723c751e8b465ee728b)  -> (artifact id: '78e5c16dbc7456b2f1251e5609c8fbf8') in 0.078451 seconds 
  Import took 0.083445 seconds .

========================================================================
Received Import Request.
  Time since last request: 0.000201 seconds.
  path: Assets/Shaders/PNG/Flat/sprite_0043.png
  artifactKey: Guid(9c7e56de400012a42b7c0637478983fe) Importer(815301076,1909f56bfc062723c751e8b465ee728b)
Start importing Assets/Shaders/PNG/Flat/sprite_0043.png using Guid(9c7e56de400012a42b7c0637478983fe) Importer(815301076,1909f56bfc062723c751e8b465ee728b)  -> (artifact id: 'c42a43f8e712962b2e1cf76f9e5a4ac9') in 0.022910 seconds 
  Import took 0.032671 seconds .

========================================================================
Received Import Request.
  Time since last request: 0.000213 seconds.
  path: Assets/Shaders/PNG/Flat/sprite_0036.png
  artifactKey: Guid(258c09f21f646184795c0fc905b4554b) Importer(815301076,1909f56bfc062723c751e8b465ee728b)
Start importing Assets/Shaders/PNG/Flat/sprite_0036.png using Guid(258c09f21f646184795c0fc905b4554b) Importer(815301076,1909f56bfc062723c751e8b465ee728b)  -> (artifact id: '5c987cb58030e5249664c37dbedbfe36') in 0.084731 seconds 
  Import took 0.089491 seconds .

========================================================================
Received Import Request.
  Time since last request: 0.000267 seconds.
  path: Assets/Shaders/PNG/Flat/sprite_0038.png
  artifactKey: Guid(5499ae79fe3180940a46b71a7e6f90d1) Importer(815301076,1909f56bfc062723c751e8b465ee728b)
Start importing Assets/Shaders/PNG/Flat/sprite_0038.png using Guid(5499ae79fe3180940a46b71a7e6f90d1) Importer(815301076,1909f56bfc062723c751e8b465ee728b)  -> (artifact id: 'bbc080a94e9531761a3febcd95891425') in 0.062282 seconds 
  Import took 0.069302 seconds .

========================================================================
Received Import Request.
  Time since last request: 0.000210 seconds.
  path: Assets/Shaders/PNG/Flat/sprite_0050.png
  artifactKey: Guid(78f43f5dacaab78439a49a379241db2b) Importer(815301076,1909f56bfc062723c751e8b465ee728b)
Start importing Assets/Shaders/PNG/Flat/sprite_0050.png using Guid(78f43f5dacaab78439a49a379241db2b) Importer(815301076,1909f56bfc062723c751e8b465ee728b)  -> (artifact id: 'fea383c710e4ba489ba5579989f765ca') in 0.022481 seconds 
  Import took 0.028289 seconds .

========================================================================
Received Import Request.
  Time since last request: 0.000232 seconds.
  path: Assets/Shaders/PNG/Flat/sprite_0040.png
  artifactKey: Guid(17248d267712a4a4a8ab0f489020accd) Importer(815301076,1909f56bfc062723c751e8b465ee728b)
Start importing Assets/Shaders/PNG/Flat/sprite_0040.png using Guid(17248d267712a4a4a8ab0f489020accd) Importer(815301076,1909f56bfc062723c751e8b465ee728b)  -> (artifact id: 'aff0481832e340d1dfc74dd985bde7dd') in 0.078027 seconds 
  Import took 0.083043 seconds .

========================================================================
Received Import Request.
  Time since last request: 0.000170 seconds.
  path: Assets/Shaders/PNG/Flat/sprite_0047.png
  artifactKey: Guid(d6a9c155adbdac947b5d6cfc69fd7ca3) Importer(815301076,1909f56bfc062723c751e8b465ee728b)
Start importing Assets/Shaders/PNG/Flat/sprite_0047.png using Guid(d6a9c155adbdac947b5d6cfc69fd7ca3) Importer(815301076,1909f56bfc062723c751e8b465ee728b)  -> (artifact id: '53c3d5bb3314407c4a18ba8c18a51a92') in 0.050732 seconds 
  Import took 0.055045 seconds .

========================================================================
Received Import Request.
  Time since last request: 0.000198 seconds.
  path: Assets/Shaders/PNG/Flat/sprite_0039.png
  artifactKey: Guid(06e06f4332346f743a46da869adab28f) Importer(815301076,1909f56bfc062723c751e8b465ee728b)
Start importing Assets/Shaders/PNG/Flat/sprite_0039.png using Guid(06e06f4332346f743a46da869adab28f) Importer(815301076,1909f56bfc062723c751e8b465ee728b)  -> (artifact id: 'ed29be633a06b2b3868e058f839c3413') in 0.056658 seconds 
  Import took 0.062142 seconds .

========================================================================
Received Import Request.
  Time since last request: 0.000185 seconds.
  path: Assets/Shaders/PNG/Flat/sprite_0042.png
  artifactKey: Guid(b2d63887fd4fef445bfeb5a1833a8dee) Importer(815301076,1909f56bfc062723c751e8b465ee728b)
Start importing Assets/Shaders/PNG/Flat/sprite_0042.png using Guid(b2d63887fd4fef445bfeb5a1833a8dee) Importer(815301076,1909f56bfc062723c751e8b465ee728b)  -> (artifact id: '775ba17f5c7538ab95bec6bb2fdebea6') in 0.076904 seconds 
  Import took 0.081144 seconds .

========================================================================
Received Import Request.
  Time since last request: 148.681332 seconds.
  path: Assets/Shaders/PNG/Shaded
  artifactKey: Guid(33ccbda54fa933f4fb43b5d386813e8a) Importer(815301076,1909f56bfc062723c751e8b465ee728b)
Start importing Assets/Shaders/PNG/Shaded using Guid(33ccbda54fa933f4fb43b5d386813e8a) Importer(815301076,1909f56bfc062723c751e8b465ee728b)  -> (artifact id: '77b454410aecef2633d49a79b9c27194') in 0.010430 seconds 
  Import took 0.015725 seconds .

========================================================================
Received Import Request.
  Time since last request: 0.072152 seconds.
  path: Assets/Shaders/PNG/Shaded/sprite_0052.png
  artifactKey: Guid(8f78284a47eed684cb61eac109083638) Importer(815301076,1909f56bfc062723c751e8b465ee728b)
Start importing Assets/Shaders/PNG/Shaded/sprite_0052.png using Guid(8f78284a47eed684cb61eac109083638) Importer(815301076,1909f56bfc062723c751e8b465ee728b)  -> (artifact id: '03453227f0ff5d5eb8b2ec8003287bcf') in 0.015020 seconds 
  Import took 0.019605 seconds .

========================================================================
Received Import Request.
  Time since last request: 0.000185 seconds.
  path: Assets/Shaders/PNG/Shaded/sprite_0073.png
  artifactKey: Guid(6abd0e692e4ad7446939504851308732) Importer(815301076,1909f56bfc062723c751e8b465ee728b)
Start importing Assets/Shaders/PNG/Shaded/sprite_0073.png using Guid(6abd0e692e4ad7446939504851308732) Importer(815301076,1909f56bfc062723c751e8b465ee728b)  -> (artifact id: 'ad5c233a1a891c43b35349aef5bfc020') in 0.054485 seconds 
  Import took 0.058616 seconds .

========================================================================
Received Import Request.
  Time since last request: 0.000184 seconds.
  path: Assets/Shaders/PNG/Shaded/sprite_0075.png
  artifactKey: Guid(35982d1a1ca299243a114eed3d4b5790) Importer(815301076,1909f56bfc062723c751e8b465ee728b)
Start importing Assets/Shaders/PNG/Shaded/sprite_0075.png using Guid(35982d1a1ca299243a114eed3d4b5790) Importer(815301076,1909f56bfc062723c751e8b465ee728b)  -> (artifact id: 'b2cd5c7b672901270a94da3743aff7a9') in 0.067852 seconds 
  Import took 0.072580 seconds .

========================================================================
Received Import Request.
  Time since last request: 0.000188 seconds.
  path: Assets/Shaders/PNG/Shaded/sprite_0087.png
  artifactKey: Guid(5d660115897e1f04e9edeb52f49a2c01) Importer(815301076,1909f56bfc062723c751e8b465ee728b)
Start importing Assets/Shaders/PNG/Shaded/sprite_0087.png using Guid(5d660115897e1f04e9edeb52f49a2c01) Importer(815301076,1909f56bfc062723c751e8b465ee728b)  -> (artifact id: '8281e97f32a544a6be39ef34aadb9429') in 0.018400 seconds 
  Import took 0.022645 seconds .

========================================================================
Received Import Request.
  Time since last request: 0.000218 seconds.
  path: Assets/Shaders/PNG/Shaded/sprite_0091.png
  artifactKey: Guid(b66bc519f50119d4db080fdf0c0f681e) Importer(815301076,1909f56bfc062723c751e8b465ee728b)
Start importing Assets/Shaders/PNG/Shaded/sprite_0091.png using Guid(b66bc519f50119d4db080fdf0c0f681e) Importer(815301076,1909f56bfc062723c751e8b465ee728b)  -> (artifact id: '1b9c360f4c29b8d7dffcd87b19e8d06a') in 0.051676 seconds 
  Import took 0.055574 seconds .

========================================================================
Received Import Request.
  Time since last request: 0.000194 seconds.
  path: Assets/Shaders/PNG/Shaded/sprite_0082.png
  artifactKey: Guid(31fd8d6c2eb3291448eb3ef9b8751882) Importer(815301076,1909f56bfc062723c751e8b465ee728b)
Start importing Assets/Shaders/PNG/Shaded/sprite_0082.png using Guid(31fd8d6c2eb3291448eb3ef9b8751882) Importer(815301076,1909f56bfc062723c751e8b465ee728b)  -> (artifact id: 'b3a3dc0d4cc389b32e3447fd5dc08988') in 0.047492 seconds 
  Import took 0.051145 seconds .

========================================================================
Received Import Request.
  Time since last request: 0.000179 seconds.
  path: Assets/Shaders/PNG/Shaded/sprite_0092.png
  artifactKey: Guid(2e65b1e231ef28b4dbbb7d2685f4c529) Importer(815301076,1909f56bfc062723c751e8b465ee728b)
Start importing Assets/Shaders/PNG/Shaded/sprite_0092.png using Guid(2e65b1e231ef28b4dbbb7d2685f4c529) Importer(815301076,1909f56bfc062723c751e8b465ee728b)  -> (artifact id: '04ace9b57348c804fd763aba502b1c77') in 0.016924 seconds 
  Import took 0.020743 seconds .

========================================================================
Received Import Request.
  Time since last request: 0.000222 seconds.
  path: Assets/Shaders/PNG/Shaded/sprite_0097.png
  artifactKey: Guid(1b52d21fe07c31d4ea3e66a0a017cbd3) Importer(815301076,1909f56bfc062723c751e8b465ee728b)
Start importing Assets/Shaders/PNG/Shaded/sprite_0097.png using Guid(1b52d21fe07c31d4ea3e66a0a017cbd3) Importer(815301076,1909f56bfc062723c751e8b465ee728b)  -> (artifact id: '367ac8cdd645989257327dc900ddfbe8') in 0.029051 seconds 
  Import took 0.033189 seconds .

========================================================================
Received Import Request.
  Time since last request: 0.000217 seconds.
  path: Assets/Shaders/PNG/Shaded/sprite_0101.png
  artifactKey: Guid(be165dc14b66366469ecf4e069504d88) Importer(815301076,1909f56bfc062723c751e8b465ee728b)
Start importing Assets/Shaders/PNG/Shaded/sprite_0101.png using Guid(be165dc14b66366469ecf4e069504d88) Importer(815301076,1909f56bfc062723c751e8b465ee728b)  -> (artifact id: 'd295d11170a13bb233a0601e05b2b9ce') in 0.024956 seconds 
  Import took 0.029293 seconds .

========================================================================
Received Import Request.
  Time since last request: 0.000201 seconds.
  path: Assets/Shaders/PNG/Shaded/sprite_0094.png
  artifactKey: Guid(0e122e6757882594bb50037e11387520) Importer(815301076,1909f56bfc062723c751e8b465ee728b)
Start importing Assets/Shaders/PNG/Shaded/sprite_0094.png using Guid(0e122e6757882594bb50037e11387520) Importer(815301076,1909f56bfc062723c751e8b465ee728b)  -> (artifact id: 'e287120674966d719b77dc790959b373') in 0.016442 seconds 
  Import took 0.021638 seconds .

========================================================================
Received Import Request.
  Time since last request: 0.000177 seconds.
  path: Assets/Shaders/PNG/Shaded/sprite_0053.png
  artifactKey: Guid(db2f3199e0db78a458af99bb16b2f70b) Importer(815301076,1909f56bfc062723c751e8b465ee728b)
Start importing Assets/Shaders/PNG/Shaded/sprite_0053.png using Guid(db2f3199e0db78a458af99bb16b2f70b) Importer(815301076,1909f56bfc062723c751e8b465ee728b)  -> (artifact id: '7b89e63e208dc9c7b306eee7b3933e3d') in 0.069710 seconds 
  Import took 0.073669 seconds .

========================================================================
Received Import Request.
  Time since last request: 0.000216 seconds.
  path: Assets/Shaders/PNG/Shaded/sprite_0067.png
  artifactKey: Guid(10f2aa9896769b3429888cffee0e8f52) Importer(815301076,1909f56bfc062723c751e8b465ee728b)
Start importing Assets/Shaders/PNG/Shaded/sprite_0067.png using Guid(10f2aa9896769b3429888cffee0e8f52) Importer(815301076,1909f56bfc062723c751e8b465ee728b)  -> (artifact id: '892f3156091863f6fb4b675626e01771') in 0.052252 seconds 
  Import took 0.056084 seconds .

========================================================================
Received Import Request.
  Time since last request: 0.000193 seconds.
  path: Assets/Shaders/PNG/Shaded/sprite_0090.png
  artifactKey: Guid(7c84331e53c40bb4ca9b651b3c30aee1) Importer(815301076,1909f56bfc062723c751e8b465ee728b)
Start importing Assets/Shaders/PNG/Shaded/sprite_0090.png using Guid(7c84331e53c40bb4ca9b651b3c30aee1) Importer(815301076,1909f56bfc062723c751e8b465ee728b)  -> (artifact id: 'ca559e1668d574256ba47df32e9b70c9') in 0.062496 seconds 
  Import took 0.066198 seconds .

========================================================================
Received Import Request.
  Time since last request: 0.000203 seconds.
  path: Assets/Shaders/PNG/Shaded/sprite_0069.png
  artifactKey: Guid(bc39a6d83851eba49932e4581a3868d2) Importer(815301076,1909f56bfc062723c751e8b465ee728b)
Start importing Assets/Shaders/PNG/Shaded/sprite_0069.png using Guid(bc39a6d83851eba49932e4581a3868d2) Importer(815301076,1909f56bfc062723c751e8b465ee728b)  -> (artifact id: 'f61b1f01e7fdff6b044490909b45051a') in 0.053355 seconds 
  Import took 0.057149 seconds .

========================================================================
Received Import Request.
  Time since last request: 0.000160 seconds.
  path: Assets/Shaders/PNG/Shaded/sprite_0071.png
  artifactKey: Guid(d3246bb974d8d4c4bad4a816972ee019) Importer(815301076,1909f56bfc062723c751e8b465ee728b)
Start importing Assets/Shaders/PNG/Shaded/sprite_0071.png using Guid(d3246bb974d8d4c4bad4a816972ee019) Importer(815301076,1909f56bfc062723c751e8b465ee728b)  -> (artifact id: '5ee398522f4578a3440ab27485f6afb6') in 0.071762 seconds 
  Import took 0.075475 seconds .

========================================================================
Received Import Request.
  Time since last request: 0.000180 seconds.
  path: Assets/Shaders/PNG/Shaded/sprite_0076.png
  artifactKey: Guid(61ae57f20dbbbe94e893848f4592c01d) Importer(815301076,1909f56bfc062723c751e8b465ee728b)
Start importing Assets/Shaders/PNG/Shaded/sprite_0076.png using Guid(61ae57f20dbbbe94e893848f4592c01d) Importer(815301076,1909f56bfc062723c751e8b465ee728b)  -> (artifact id: '3393f2a61f85aa834fab29a44678c2dc') in 0.048792 seconds 
  Import took 0.052965 seconds .

========================================================================
Received Import Request.
  Time since last request: 0.000209 seconds.
  path: Assets/Shaders/PNG/Shaded/sprite_0063.png
  artifactKey: Guid(566ee4f17625712438092edc7d54a199) Importer(815301076,1909f56bfc062723c751e8b465ee728b)
Start importing Assets/Shaders/PNG/Shaded/sprite_0063.png using Guid(566ee4f17625712438092edc7d54a199) Importer(815301076,1909f56bfc062723c751e8b465ee728b)  -> (artifact id: '8d6768b3f0ea2268ec0ff8284a336e31') in 0.065856 seconds 
  Import took 0.069761 seconds .

========================================================================
Received Import Request.
  Time since last request: 0.000193 seconds.
  path: Assets/Shaders/PNG/Shaded/sprite_0099.png
  artifactKey: Guid(9557476b786865745974207fc737f4da) Importer(815301076,1909f56bfc062723c751e8b465ee728b)
Start importing Assets/Shaders/PNG/Shaded/sprite_0099.png using Guid(9557476b786865745974207fc737f4da) Importer(815301076,1909f56bfc062723c751e8b465ee728b)  -> (artifact id: '3341625f42a5afaff9e0ec454f39ec86') in 0.047341 seconds 
  Import took 0.051219 seconds .

========================================================================
Received Import Request.
  Time since last request: 0.000185 seconds.
  path: Assets/Shaders/PNG/Shaded/sprite_0086.png
  artifactKey: Guid(f1e3f3597d4af0141bca599ea66ec316) Importer(815301076,1909f56bfc062723c751e8b465ee728b)
Start importing Assets/Shaders/PNG/Shaded/sprite_0086.png using Guid(f1e3f3597d4af0141bca599ea66ec316) Importer(815301076,1909f56bfc062723c751e8b465ee728b)  -> (artifact id: 'b5ad188e912caf8fe99f37c07e402b8a') in 0.051246 seconds 
  Import took 0.054918 seconds .

========================================================================
Received Import Request.
  Time since last request: 0.000178 seconds.
  path: Assets/Shaders/PNG/Shaded/sprite_0083.png
  artifactKey: Guid(d3ae2b83eba307e4b941511fc7b6f140) Importer(815301076,1909f56bfc062723c751e8b465ee728b)
Start importing Assets/Shaders/PNG/Shaded/sprite_0083.png using Guid(d3ae2b83eba307e4b941511fc7b6f140) Importer(815301076,1909f56bfc062723c751e8b465ee728b)  -> (artifact id: '0eef90d081527f884c0b3a66cf36e6f5') in 0.054338 seconds 
  Import took 0.057977 seconds .

========================================================================
Received Import Request.
  Time since last request: 0.000169 seconds.
  path: Assets/Shaders/PNG/Shaded/sprite_0064.png
  artifactKey: Guid(55fd2ddf94456c9428f03d2f806b98f5) Importer(815301076,1909f56bfc062723c751e8b465ee728b)
Start importing Assets/Shaders/PNG/Shaded/sprite_0064.png using Guid(55fd2ddf94456c9428f03d2f806b98f5) Importer(815301076,1909f56bfc062723c751e8b465ee728b)  -> (artifact id: '55bae5927f0a35f6b4a68056c8782898') in 0.046857 seconds 
  Import took 0.050459 seconds .

========================================================================
Received Import Request.
  Time since last request: 0.000181 seconds.
  path: Assets/Shaders/PNG/Shaded/sprite_0098.png
  artifactKey: Guid(fcda4973f741c584c9dab62c6b846cec) Importer(815301076,1909f56bfc062723c751e8b465ee728b)
Start importing Assets/Shaders/PNG/Shaded/sprite_0098.png using Guid(fcda4973f741c584c9dab62c6b846cec) Importer(815301076,1909f56bfc062723c751e8b465ee728b)  -> (artifact id: '923723c2b8face2dc7970c5540dce122') in 0.015343 seconds 
  Import took 0.020039 seconds .

========================================================================
Received Import Request.
  Time since last request: 0.000199 seconds.
  path: Assets/Shaders/PNG/Shaded/sprite_0085.png
  artifactKey: Guid(76d179d92cc0ae547a6e04453578c3c4) Importer(815301076,1909f56bfc062723c751e8b465ee728b)
Start importing Assets/Shaders/PNG/Shaded/sprite_0085.png using Guid(76d179d92cc0ae547a6e04453578c3c4) Importer(815301076,1909f56bfc062723c751e8b465ee728b)  -> (artifact id: 'd39c3abc5c88323fa278a027dcce10be') in 0.052888 seconds 
  Import took 0.057640 seconds .

========================================================================
Received Import Request.
  Time since last request: 0.000178 seconds.
  path: Assets/Shaders/PNG/Shaded/sprite_0084.png
  artifactKey: Guid(4cff1eb6c1c38544db08ba18d39d282f) Importer(815301076,1909f56bfc062723c751e8b465ee728b)
Start importing Assets/Shaders/PNG/Shaded/sprite_0084.png using Guid(4cff1eb6c1c38544db08ba18d39d282f) Importer(815301076,1909f56bfc062723c751e8b465ee728b)  -> (artifact id: 'd74757646f433da253422884145848b7') in 0.123469 seconds 
  Import took 0.127682 seconds .

========================================================================
Received Import Request.
  Time since last request: 0.000188 seconds.
  path: Assets/Shaders/PNG/Shaded/sprite_0060.png
  artifactKey: Guid(01438aed9b89d4145b34e4695d936bd7) Importer(815301076,1909f56bfc062723c751e8b465ee728b)
Start importing Assets/Shaders/PNG/Shaded/sprite_0060.png using Guid(01438aed9b89d4145b34e4695d936bd7) Importer(815301076,1909f56bfc062723c751e8b465ee728b)  -> (artifact id: '817291851a4d841eb3a9ae5c4e4e27a8') in 0.061641 seconds 
  Import took 0.065485 seconds .

========================================================================
Received Import Request.
  Time since last request: 0.000219 seconds.
  path: Assets/Shaders/PNG/Shaded/sprite_0093.png
  artifactKey: Guid(ea23deb0c18801049af2131bd1672c58) Importer(815301076,1909f56bfc062723c751e8b465ee728b)
Start importing Assets/Shaders/PNG/Shaded/sprite_0093.png using Guid(ea23deb0c18801049af2131bd1672c58) Importer(815301076,1909f56bfc062723c751e8b465ee728b)  -> (artifact id: 'c3dba305a850c3b0958dd6d47d99aa21') in 0.103725 seconds 
  Import took 0.107823 seconds .

========================================================================
Received Import Request.
  Time since last request: 0.000210 seconds.
  path: Assets/Shaders/PNG/Shaded/sprite_0079.png
  artifactKey: Guid(3774d02839910ca47abb512cb208fba4) Importer(815301076,1909f56bfc062723c751e8b465ee728b)
Start importing Assets/Shaders/PNG/Shaded/sprite_0079.png using Guid(3774d02839910ca47abb512cb208fba4) Importer(815301076,1909f56bfc062723c751e8b465ee728b)  -> (artifact id: '6b669d27664c0738feb624a7b02e7627') in 0.060263 seconds 
  Import took 0.064260 seconds .

========================================================================
Received Import Request.
  Time since last request: 0.000179 seconds.
  path: Assets/Shaders/PNG/Shaded/sprite_0072.png
  artifactKey: Guid(b007cec9d3b460544b13f48e02983979) Importer(815301076,1909f56bfc062723c751e8b465ee728b)
Start importing Assets/Shaders/PNG/Shaded/sprite_0072.png using Guid(b007cec9d3b460544b13f48e02983979) Importer(815301076,1909f56bfc062723c751e8b465ee728b)  -> (artifact id: '466b481061b6b6c798af2b1c0bee9cff') in 0.059712 seconds 
  Import took 0.063582 seconds .

========================================================================
Received Import Request.
  Time since last request: 0.000225 seconds.
  path: Assets/Shaders/PNG/Shaded/sprite_0065.png
  artifactKey: Guid(5bfac6cc02f42f94a8fc5c8fea330495) Importer(815301076,1909f56bfc062723c751e8b465ee728b)
Start importing Assets/Shaders/PNG/Shaded/sprite_0065.png using Guid(5bfac6cc02f42f94a8fc5c8fea330495) Importer(815301076,1909f56bfc062723c751e8b465ee728b)  -> (artifact id: '9d4b0f4072dca6d87743e6cd0b8e446a') in 0.049097 seconds 
  Import took 0.052889 seconds .

========================================================================
Received Import Request.
  Time since last request: 0.000199 seconds.
  path: Assets/Shaders/PNG/Shaded/sprite_0077.png
  artifactKey: Guid(6738e793b33be2e4ab2ec84519af7676) Importer(815301076,1909f56bfc062723c751e8b465ee728b)
Start importing Assets/Shaders/PNG/Shaded/sprite_0077.png using Guid(6738e793b33be2e4ab2ec84519af7676) Importer(815301076,1909f56bfc062723c751e8b465ee728b)  -> (artifact id: '2c5c19578b10ad6826c3f0b4e7019e50') in 0.053470 seconds 
  Import took 0.057254 seconds .

========================================================================
Received Import Request.
  Time since last request: 0.000202 seconds.
  path: Assets/Shaders/PNG/Shaded/sprite_0059.png
  artifactKey: Guid(85259d21b1dc48547a68cc283351530b) Importer(815301076,1909f56bfc062723c751e8b465ee728b)
Start importing Assets/Shaders/PNG/Shaded/sprite_0059.png using Guid(85259d21b1dc48547a68cc283351530b) Importer(815301076,1909f56bfc062723c751e8b465ee728b)  -> (artifact id: 'eca15dc997cd5ac60ebc9ff4ecda922b') in 0.064805 seconds 
  Import took 0.068605 seconds .

========================================================================
Received Import Request.
  Time since last request: 0.000188 seconds.
  path: Assets/Shaders/PNG/Shaded/sprite_0066.png
  artifactKey: Guid(99cecdf244ff2ed4cb5d62fe608a486c) Importer(815301076,1909f56bfc062723c751e8b465ee728b)
Start importing Assets/Shaders/PNG/Shaded/sprite_0066.png using Guid(99cecdf244ff2ed4cb5d62fe608a486c) Importer(815301076,1909f56bfc062723c751e8b465ee728b)  -> (artifact id: '55e56f6de1c8693e27e1189e87d1d517') in 0.079934 seconds 
  Import took 0.083603 seconds .

========================================================================
Received Import Request.
  Time since last request: 0.000177 seconds.
  path: Assets/Shaders/PNG/Shaded/sprite_0078.png
  artifactKey: Guid(c12e2d32f7033ef4b986ae0ba29a0f91) Importer(815301076,1909f56bfc062723c751e8b465ee728b)
Start importing Assets/Shaders/PNG/Shaded/sprite_0078.png using Guid(c12e2d32f7033ef4b986ae0ba29a0f91) Importer(815301076,1909f56bfc062723c751e8b465ee728b)  -> (artifact id: '338211938a6bdcfdae3daee7b23d565e') in 0.156988 seconds 
  Import took 0.160892 seconds .

========================================================================
Received Import Request.
  Time since last request: 0.000176 seconds.
  path: Assets/Shaders/PNG/Shaded/sprite_0088.png
  artifactKey: Guid(e7981153332659246abfe602b43eb852) Importer(815301076,1909f56bfc062723c751e8b465ee728b)
Start importing Assets/Shaders/PNG/Shaded/sprite_0088.png using Guid(e7981153332659246abfe602b43eb852) Importer(815301076,1909f56bfc062723c751e8b465ee728b)  -> (artifact id: '1989d0c8e80ec9a398bd603d74e3d32b') in 0.057994 seconds 
  Import took 0.061973 seconds .

========================================================================
Received Import Request.
  Time since last request: 0.000174 seconds.
  path: Assets/Shaders/PNG/Shaded/sprite_0061.png
  artifactKey: Guid(ec87199a5599bb8499276f71f8cae858) Importer(815301076,1909f56bfc062723c751e8b465ee728b)
Start importing Assets/Shaders/PNG/Shaded/sprite_0061.png using Guid(ec87199a5599bb8499276f71f8cae858) Importer(815301076,1909f56bfc062723c751e8b465ee728b)  -> (artifact id: '3a050b4bc1e85c0e2081f5b6211ce4b8') in 0.024250 seconds 
  Import took 0.028033 seconds .

========================================================================
Received Import Request.
  Time since last request: 0.000169 seconds.
  path: Assets/Shaders/PNG/Shaded/sprite_0089.png
  artifactKey: Guid(180061dc7920c8f43817d10ab1ec1122) Importer(815301076,1909f56bfc062723c751e8b465ee728b)
Start importing Assets/Shaders/PNG/Shaded/sprite_0089.png using Guid(180061dc7920c8f43817d10ab1ec1122) Importer(815301076,1909f56bfc062723c751e8b465ee728b)  -> (artifact id: '09f24acb576c83b986a24f2fab234834') in 0.048267 seconds 
  Import took 0.052860 seconds .

========================================================================
Received Import Request.
  Time since last request: 0.000179 seconds.
  path: Assets/Shaders/PNG/Shaded/sprite_0062.png
  artifactKey: Guid(c56cccb6ca5cf2349906d7b4fcd44ce7) Importer(815301076,1909f56bfc062723c751e8b465ee728b)
Start importing Assets/Shaders/PNG/Shaded/sprite_0062.png using Guid(c56cccb6ca5cf2349906d7b4fcd44ce7) Importer(815301076,1909f56bfc062723c751e8b465ee728b)  -> (artifact id: '99229dd4b963f36f5425733b17bc9b74') in 0.054855 seconds 
  Import took 0.059046 seconds .

========================================================================
Received Import Request.
  Time since last request: 0.000201 seconds.
  path: Assets/Shaders/PNG/Shaded/sprite_0057.png
  artifactKey: Guid(a41aebe694fb8be4d8cbdcf8ac4ed438) Importer(815301076,1909f56bfc062723c751e8b465ee728b)
Start importing Assets/Shaders/PNG/Shaded/sprite_0057.png using Guid(a41aebe694fb8be4d8cbdcf8ac4ed438) Importer(815301076,1909f56bfc062723c751e8b465ee728b)  -> (artifact id: '3b641e3e4e344c1f7763cce181f816e9') in 0.047484 seconds 
  Import took 0.051327 seconds .

========================================================================
Received Import Request.
  Time since last request: 0.000170 seconds.
  path: Assets/Shaders/PNG/Shaded/sprite_0054.png
  artifactKey: Guid(d54f0b10798a2fc4483d0bf8fc52a842) Importer(815301076,1909f56bfc062723c751e8b465ee728b)
Start importing Assets/Shaders/PNG/Shaded/sprite_0054.png using Guid(d54f0b10798a2fc4483d0bf8fc52a842) Importer(815301076,1909f56bfc062723c751e8b465ee728b)  -> (artifact id: '25dca76da8b0a6720b96106296b5b019') in 0.044688 seconds 
  Import took 0.048327 seconds .

========================================================================
Received Import Request.
  Time since last request: 0.000174 seconds.
  path: Assets/Shaders/PNG/Shaded/sprite_0070.png
  artifactKey: Guid(55377b6b5ce2d954f91163db2cb3ad6c) Importer(815301076,1909f56bfc062723c751e8b465ee728b)
Start importing Assets/Shaders/PNG/Shaded/sprite_0070.png using Guid(55377b6b5ce2d954f91163db2cb3ad6c) Importer(815301076,1909f56bfc062723c751e8b465ee728b)  -> (artifact id: '7c168e64a322e1f950e50db00f1719c7') in 0.064709 seconds 
  Import took 0.068591 seconds .

========================================================================
Received Import Request.
  Time since last request: 0.000190 seconds.
  path: Assets/Shaders/PNG/Shaded/sprite_0080.png
  artifactKey: Guid(7a677709e969c2c4b8422175988284c8) Importer(815301076,1909f56bfc062723c751e8b465ee728b)
Start importing Assets/Shaders/PNG/Shaded/sprite_0080.png using Guid(7a677709e969c2c4b8422175988284c8) Importer(815301076,1909f56bfc062723c751e8b465ee728b)  -> (artifact id: '583ac1bec85b9dccf5598691fb161ebf') in 0.065110 seconds 
  Import took 0.069092 seconds .

========================================================================
Received Import Request.
  Time since last request: 0.000188 seconds.
  path: Assets/Shaders/PNG/Shaded/sprite_0055.png
  artifactKey: Guid(fdfef3d79f230d845b2334675fc49ad0) Importer(815301076,1909f56bfc062723c751e8b465ee728b)
Start importing Assets/Shaders/PNG/Shaded/sprite_0055.png using Guid(fdfef3d79f230d845b2334675fc49ad0) Importer(815301076,1909f56bfc062723c751e8b465ee728b)  -> (artifact id: 'b255847e6df40b3f32838405b14c9862') in 0.016174 seconds 
  Import took 0.021423 seconds .

========================================================================
Received Import Request.
  Time since last request: 0.000222 seconds.
  path: Assets/Shaders/PNG/Shaded/sprite_0056.png
  artifactKey: Guid(924f9984430bf4a4f80af8d0fd95fc2b) Importer(815301076,1909f56bfc062723c751e8b465ee728b)
Start importing Assets/Shaders/PNG/Shaded/sprite_0056.png using Guid(924f9984430bf4a4f80af8d0fd95fc2b) Importer(815301076,1909f56bfc062723c751e8b465ee728b)  -> (artifact id: '7b01d54b3cbe91e12b539c6c36ff298b') in 0.079821 seconds 
  Import took 0.083920 seconds .

========================================================================
Received Import Request.
  Time since last request: 0.000181 seconds.
  path: Assets/Shaders/PNG/Shaded/sprite_0095.png
  artifactKey: Guid(6afd6fda6ea43434a8846f6edc3d2eca) Importer(815301076,1909f56bfc062723c751e8b465ee728b)
Start importing Assets/Shaders/PNG/Shaded/sprite_0095.png using Guid(6afd6fda6ea43434a8846f6edc3d2eca) Importer(815301076,1909f56bfc062723c751e8b465ee728b)  -> (artifact id: '3493dd828f893fe7163067f97a0dfaed') in 0.088504 seconds 
  Import took 0.092173 seconds .

========================================================================
Received Import Request.
  Time since last request: 0.000170 seconds.
  path: Assets/Shaders/PNG/Shaded/sprite_0081.png
  artifactKey: Guid(d21cf2ed8a282724281e48a285951ab9) Importer(815301076,1909f56bfc062723c751e8b465ee728b)
Start importing Assets/Shaders/PNG/Shaded/sprite_0081.png using Guid(d21cf2ed8a282724281e48a285951ab9) Importer(815301076,1909f56bfc062723c751e8b465ee728b)  -> (artifact id: '10a4d3be39bdf1d75aaddc12ed8671bb') in 0.061603 seconds 
  Import took 0.065213 seconds .

========================================================================
Received Import Request.
  Time since last request: 0.000180 seconds.
  path: Assets/Shaders/PNG/Shaded/sprite_0068.png
  artifactKey: Guid(7ceb586f92b7d934abfe57bd8f2346c8) Importer(815301076,1909f56bfc062723c751e8b465ee728b)
Start importing Assets/Shaders/PNG/Shaded/sprite_0068.png using Guid(7ceb586f92b7d934abfe57bd8f2346c8) Importer(815301076,1909f56bfc062723c751e8b465ee728b)  -> (artifact id: '951b8083d4edc83f62e8393ec2747725') in 0.068302 seconds 
  Import took 0.071988 seconds .

========================================================================
Received Import Request.
  Time since last request: 0.000176 seconds.
  path: Assets/Shaders/PNG/Shaded/sprite_0096.png
  artifactKey: Guid(7a3a8b0ead7b851469719970addf19c5) Importer(815301076,1909f56bfc062723c751e8b465ee728b)
Start importing Assets/Shaders/PNG/Shaded/sprite_0096.png using Guid(7a3a8b0ead7b851469719970addf19c5) Importer(815301076,1909f56bfc062723c751e8b465ee728b)  -> (artifact id: 'cd516bf5408d818cef7d0ea6c9175832') in 0.016791 seconds 
  Import took 0.021170 seconds .

========================================================================
Received Import Request.
  Time since last request: 0.000190 seconds.
  path: Assets/Shaders/PNG/Shaded/sprite_0074.png
  artifactKey: Guid(91432f79c4692354d8455802448a81e3) Importer(815301076,1909f56bfc062723c751e8b465ee728b)
Start importing Assets/Shaders/PNG/Shaded/sprite_0074.png using Guid(91432f79c4692354d8455802448a81e3) Importer(815301076,1909f56bfc062723c751e8b465ee728b)  -> (artifact id: 'c7dd1890b54f6ddca167a57c5fdf31dd') in 0.057221 seconds 
  Import took 0.061198 seconds .

========================================================================
Received Import Request.
  Time since last request: 0.000235 seconds.
  path: Assets/Shaders/PNG/Shaded/sprite_0058.png
  artifactKey: Guid(15578703783ef90428362c0e24a8cc33) Importer(815301076,1909f56bfc062723c751e8b465ee728b)
Start importing Assets/Shaders/PNG/Shaded/sprite_0058.png using Guid(15578703783ef90428362c0e24a8cc33) Importer(815301076,1909f56bfc062723c751e8b465ee728b)  -> (artifact id: '2ddd30fb76f54aadc9e4d4fa5d4e1d0f') in 0.067004 seconds 
  Import took 0.070907 seconds .

========================================================================
Received Import Request.
  Time since last request: 0.000188 seconds.
  path: Assets/Shaders/PNG/Shaded/sprite_0100.png
  artifactKey: Guid(3f47b6392d72fbf4cb2cbe96d4b9121a) Importer(815301076,1909f56bfc062723c751e8b465ee728b)
Start importing Assets/Shaders/PNG/Shaded/sprite_0100.png using Guid(3f47b6392d72fbf4cb2cbe96d4b9121a) Importer(815301076,1909f56bfc062723c751e8b465ee728b)  -> (artifact id: '91231e9edf66f3063186a5039194ef74') in 0.017645 seconds 
  Import took 0.021807 seconds .

========================================================================
Received Prepare
Registering precompiled user dll's ...
Registered in 0.005006 seconds.
Begin MonoManager ReloadAssembly
Native extension for WindowsStandalone target not found
Refreshing native plugins compatible for Editor in 0.46 ms, found 2 plugins.
Preloading 0 native plugins for Editor in 0.00 ms.
Mono: successfully reloaded assembly
- Completed reload, in  1.248 seconds
Domain Reload Profiling:
	ReloadAssembly (1249ms)
		BeginReloadAssembly (152ms)
			ExecutionOrderSort (0ms)
			DisableScriptedObjects (8ms)
			BackupInstance (0ms)
			ReleaseScriptingObjects (0ms)
			CreateAndSetChildDomain (38ms)
		EndReloadAssembly (1020ms)
			LoadAssemblies (99ms)
			RebuildTransferFunctionScriptingTraits (0ms)
			SetupTypeCache (336ms)
			ReleaseScriptCaches (1ms)
			RebuildScriptCaches (45ms)
			SetupLoadedEditorAssemblies (331ms)
				LogAssemblyErrors (0ms)
				InitializePlatformSupportModulesInManaged (4ms)
				SetLoadedEditorAssemblies (0ms)
				RefreshPlugins (1ms)
				BeforeProcessingInitializeOnLoad (91ms)
				ProcessInitializeOnLoadAttributes (221ms)
				ProcessInitializeOnLoadMethodAttributes (5ms)
				AfterProcessingInitializeOnLoad (8ms)
				EditorAssembliesLoaded (0ms)
			ExecutionOrderSort2 (0ms)
			AwakeInstancesAfterBackupRestoration (18ms)
Platform modules already initialized, skipping
Refreshing native plugins compatible for Editor in 0.52 ms, found 2 plugins.
Preloading 0 native plugins for Editor in 0.00 ms.
Unloading 2602 Unused Serialized files (Serialized files now loaded: 0)
System memory in use before: 120.4 MB.
System memory in use after: 120.7 MB.

Unloading 12 unused Assets to reduce memory usage. Loaded Objects now: 3232.
Total: 4.215900 ms (FindLiveObjects: 0.269300 ms CreateObjectMapping: 0.090400 ms MarkObjects: 3.833800 ms  DeleteObjects: 0.021000 ms)

AssetImportParameters requested are different than current active one (requested -> active):
  custom:framework-win-MediaFoundation: 216162199b28c13a410421893ffa2e32 -> 
  custom:video-decoder-ogg-theora: a1e56fd34408186e4bbccfd4996cb3dc -> 
  custom:container-muxer-webm: aa71ff27fc2769a1b78a27578f13a17b -> 
  custom:container-demuxer-webm: 4f35f7cbe854078d1ac9338744f61a02 -> 
  custom:container-demuxer-ogg: 62fdf1f143b41e24485cea50d1cbac27 -> 
  custom:video-encoder-webm-vp8: eb34c28f22e8b96e1ab97ce403110664 -> 
  custom:video-decoder-webm-vp8: 9c59270c3fd7afecdb556c50c9e8de78 -> 
  custom:audio-decoder-ogg-vorbis: bf7c407c2cedff20999df2af8eb42d56 -> 
  custom:audio-encoder-webm-vorbis: bf7c407c2cedff20999df2af8eb42d56 -> 
========================================================================
Received Import Request.
  Time since last request: 512.520351 seconds.
  path: Assets/Prefabs/Grama.prefab
  artifactKey: Guid(52d1a33326aa6dc4d9f3de613e3c6728) Importer(815301076,1909f56bfc062723c751e8b465ee728b)
Start importing Assets/Prefabs/Grama.prefab using Guid(52d1a33326aa6dc4d9f3de613e3c6728) Importer(815301076,1909f56bfc062723c751e8b465ee728b)  -> (artifact id: '4628e9f863bfcdb6bf164b7cb93762a1') in 0.181324 seconds 
  Import took 0.186549 seconds .

========================================================================
Received Import Request.
  Time since last request: 83.220430 seconds.
  path: Assets/Shaders/Grass.mat
  artifactKey: Guid(a6d2c5d9ee2108a46ac57f711637ddd2) Importer(815301076,1909f56bfc062723c751e8b465ee728b)
Start importing Assets/Shaders/Grass.mat using Guid(a6d2c5d9ee2108a46ac57f711637ddd2) Importer(815301076,1909f56bfc062723c751e8b465ee728b)  -> (artifact id: '49b49a37f19f1fa1ee827c6258f1b8f8') in 0.057140 seconds 
  Import took 0.065639 seconds .

========================================================================
Received Import Request.
  Time since last request: 3.193407 seconds.
  path: Assets/Settings/ForwardRenderer.asset
  artifactKey: Guid(4a8e21d5c33334b11b34a596161b9360) Importer(815301076,1909f56bfc062723c751e8b465ee728b)
Start importing Assets/Settings/ForwardRenderer.asset using Guid(4a8e21d5c33334b11b34a596161b9360) Importer(815301076,1909f56bfc062723c751e8b465ee728b)  -> (artifact id: '63cf95242464b0f1307a08bc2392aaaa') in 0.051624 seconds 
  Import took 0.060028 seconds .

========================================================================
Received Import Request.
  Time since last request: 0.000318 seconds.
  path: Assets/Settings/SampleSceneProfile.asset
  artifactKey: Guid(10fc4df2da32a41aaa32d77bc913491c) Importer(815301076,1909f56bfc062723c751e8b465ee728b)
Start importing Assets/Settings/SampleSceneProfile.asset using Guid(10fc4df2da32a41aaa32d77bc913491c) Importer(815301076,1909f56bfc062723c751e8b465ee728b)  -> (artifact id: 'd2b3f476ab718b1cf20d183dd9addfe7') in 0.012823 seconds 
  Import took 0.018952 seconds .

========================================================================
Received Import Request.
  Time since last request: 0.000290 seconds.
  path: Assets/Settings/UniversalRP-LowQuality.asset
  artifactKey: Guid(a31e9f9f9c9d4b9429ed0d1234e22103) Importer(815301076,1909f56bfc062723c751e8b465ee728b)
Start importing Assets/Settings/UniversalRP-LowQuality.asset using Guid(a31e9f9f9c9d4b9429ed0d1234e22103) Importer(815301076,1909f56bfc062723c751e8b465ee728b)  -> (artifact id: 'b226a0bb157262eadf686f6bb5b5f1f8') in 0.038331 seconds 
  Import took 0.044881 seconds .

========================================================================
Received Import Request.
  Time since last request: 0.000360 seconds.
  path: Assets/Settings/UniversalRP-MediumQuality.asset
  artifactKey: Guid(d847b876476d3d6468f5dfcd34266f96) Importer(815301076,1909f56bfc062723c751e8b465ee728b)
Start importing Assets/Settings/UniversalRP-MediumQuality.asset using Guid(d847b876476d3d6468f5dfcd34266f96) Importer(815301076,1909f56bfc062723c751e8b465ee728b)  -> (artifact id: 'd421f548a6507a11f25ec3578746e9c1') in 0.028213 seconds 
  Import took 0.036063 seconds .

========================================================================
Received Import Request.
  Time since last request: 0.000278 seconds.
  path: Assets/Settings/UniversalRP-HighQuality.asset
  artifactKey: Guid(19ba41d7c0026c3459d37c2fe90c55a0) Importer(815301076,1909f56bfc062723c751e8b465ee728b)
Start importing Assets/Settings/UniversalRP-HighQuality.asset using Guid(19ba41d7c0026c3459d37c2fe90c55a0) Importer(815301076,1909f56bfc062723c751e8b465ee728b)  -> (artifact id: 'f55cf6a7750ffce30ce2dfae69cf7c59') in 0.027722 seconds 
  Import took 0.036055 seconds .

========================================================================
Received Import Request.
  Time since last request: 1.081941 seconds.
  path: Assets/Brown.mat
  artifactKey: Guid(ec058d91315e50f4195c4b6b16f6ea34) Importer(815301076,1909f56bfc062723c751e8b465ee728b)
Start importing Assets/Brown.mat using Guid(ec058d91315e50f4195c4b6b16f6ea34) Importer(815301076,1909f56bfc062723c751e8b465ee728b)  -> (artifact id: 'f4fcf6464f22acd5ff8f8f47a57e4c0c') in 0.048636 seconds 
  Import took 0.055007 seconds .

========================================================================
Received Import Request.
  Time since last request: 0.000225 seconds.
  path: Assets/Green.mat
  artifactKey: Guid(5b46d6089345a0a4f8ffcaf0b933359f) Importer(815301076,1909f56bfc062723c751e8b465ee728b)
Start importing Assets/Green.mat using Guid(5b46d6089345a0a4f8ffcaf0b933359f) Importer(815301076,1909f56bfc062723c751e8b465ee728b)  -> (artifact id: '036041dbb8c6728cab712d3e30c4da60') in 0.025827 seconds 
  Import took 0.031473 seconds .

